  Building Custom Rule C:/Users/casun/Downloads/Comet-lang-main/Comet-lang-main/bin/win-build-debug/CMakeLists.txt
  token.c
  comet.c
  scanner.c
C:\Users\casun\Downloads\Comet-lang-main\Comet-lang-main\src\win\parser\scanner.h(11,9): error C2233: 'map_types': arrays of objects containing zero-size arrays are illegal
C:\Users\casun\Downloads\Comet-lang-main\Comet-lang-main\src\win\parser\scanner.c(9,3): error C2146: syntax error: missing ';' before identifier '__map_hash'
C:\Users\casun\Downloads\Comet-lang-main\Comet-lang-main\src\win\parser\scanner.c(9,3): error C2065: '__map_hash': undeclared identifier
C:\Users\casun\Downloads\Comet-lang-main\Comet-lang-main\src\win\parser\scanner.c(9,3): warning C4047: '=': 'int' differs in levels of indirection from 'size_t (__cdecl *)(const char *)'
C:\Users\casun\Downloads\Comet-lang-main\Comet-lang-main\src\win\parser\scanner.c(9,3): error C2146: syntax error: missing ';' before identifier '__map_compare'
C:\Users\casun\Downloads\Comet-lang-main\Comet-lang-main\src\win\parser\scanner.c(9,3): error C2065: '__map_compare': undeclared identifier
C:\Users\casun\Downloads\Comet-lang-main\Comet-lang-main\src\win\parser\scanner.c(9,3): warning C4047: '=': 'int' differs in levels of indirection from 'int (__cdecl *)(const char *,const char *)'
C:\Users\casun\Downloads\Comet-lang-main\Comet-lang-main\src\win\parser\scanner.c(9,3): warning C4312: 'type cast': conversion from 'int' to 'size_t (__cdecl *)(const void *)' of greater size
C:\Users\casun\Downloads\Comet-lang-main\Comet-lang-main\src\win\parser\scanner.c(9,3): warning C4312: 'type cast': conversion from 'int' to 'int (__cdecl *)(const void *,const void *)' of greater size
C:\Users\casun\Downloads\Comet-lang-main\Comet-lang-main\src\win\parser\scanner.c(26,3): error C2059: syntax error: '{'
C:\Users\casun\Downloads\Comet-lang-main\Comet-lang-main\src\win\parser\scanner.c(26,3): error C2146: syntax error: missing ';' before identifier '__map_data'
C:\Users\casun\Downloads\Comet-lang-main\Comet-lang-main\src\win\parser\scanner.c(26,3): error C2065: '__map_data': undeclared identifier
C:\Users\casun\Downloads\Comet-lang-main\Comet-lang-main\src\win\parser\scanner.c(26,3): warning C4047: '=': 'int' differs in levels of indirection from 'TokenType *'
C:\Users\casun\Downloads\Comet-lang-main\Comet-lang-main\src\win\parser\scanner.c(26,3): error C2065: '__map_key': undeclared identifier
C:\Users\casun\Downloads\Comet-lang-main\Comet-lang-main\src\win\parser\scanner.c(26,3): warning C4312: 'type cast': conversion from 'int' to 'const void *' of greater size
C:\Users\casun\Downloads\Comet-lang-main\Comet-lang-main\src\win\parser\scanner.c(26,3): warning C4312: 'type cast': conversion from 'int' to 'void *' of greater size
C:\Users\casun\Downloads\Comet-lang-main\Comet-lang-main\src\win\parser\scanner.c(26,3): error C2059: syntax error: ')'
C:\Users\casun\Downloads\Comet-lang-main\Comet-lang-main\src\win\parser\scanner.c(27,1): error C2059: syntax error: '}'
C:\Users\casun\Downloads\Comet-lang-main\Comet-lang-main\src\win\parser\scanner.c(46,20): warning C4047: 'function': 'char' differs in levels of indirection from 'void *'
C:\Users\casun\Downloads\Comet-lang-main\Comet-lang-main\src\win\parser\scanner.c(46,20): warning C4024: '_add_token': different types for formal and actual parameter 2
C:\Users\casun\Downloads\Comet-lang-main\Comet-lang-main\src\win\parser\scanner.c(58,21): warning C4003: not enough arguments for function-like macro invocation 'vector_add_asg'
C:\Users\casun\Downloads\Comet-lang-main\Comet-lang-main\src\win\parser\scanner.c(58,21): error C2059: syntax error: ')'
C:\Users\casun\Downloads\Comet-lang-main\Comet-lang-main\src\win\parser\scanner.c(63,1): warning C4003: not enough arguments for function-like macro invocation 'vector_add'
C:\Users\casun\Downloads\Comet-lang-main\Comet-lang-main\src\win\parser\scanner.c(63,1): error C2059: syntax error: ')'
C:\Users\casun\Downloads\Comet-lang-main\Comet-lang-main\src\win\parser\scanner.c(67,21): warning C4003: not enough arguments for function-like macro invocation 'vector_add_asg'
C:\Users\casun\Downloads\Comet-lang-main\Comet-lang-main\src\win\parser\scanner.c(67,21): error C2059: syntax error: ')'
C:\Users\casun\Downloads\Comet-lang-main\Comet-lang-main\src\win\parser\scanner.c(72,1): warning C4003: not enough arguments for function-like macro invocation 'vector_add'
C:\Users\casun\Downloads\Comet-lang-main\Comet-lang-main\src\win\parser\scanner.c(72,1): error C2059: syntax error: ')'
C:\Users\casun\Downloads\Comet-lang-main\Comet-lang-main\src\win\parser\scanner.c(82,27): error C2059: syntax error: '{'
C:\Users\casun\Downloads\Comet-lang-main\Comet-lang-main\src\win\parser\scanner.c(82,27): error C2146: syntax error: missing ';' before identifier 'hashmap_base_get'
C:\Users\casun\Downloads\Comet-lang-main\Comet-lang-main\src\win\parser\scanner.c(82,27): error C2065: '__map_key': undeclared identifier
C:\Users\casun\Downloads\Comet-lang-main\Comet-lang-main\src\win\parser\scanner.c(82,27): warning C4312: 'type cast': conversion from 'int' to 'const void *' of greater size
C:\Users\casun\Downloads\Comet-lang-main\Comet-lang-main\src\win\parser\scanner.c(82,27): error C2059: syntax error: ')'
C:\Users\casun\Downloads\Comet-lang-main\Comet-lang-main\src\win\parser\scanner.c(84,3): error C2059: syntax error: 'if'
C:\Users\casun\Downloads\Comet-lang-main\Comet-lang-main\src\win\parser\scanner.c(86,13): error C2143: syntax error: missing ')' before '*'
C:\Users\casun\Downloads\Comet-lang-main\Comet-lang-main\src\win\parser\scanner.c(86,13): error C2143: syntax error: missing '{' before '*'
C:\Users\casun\Downloads\Comet-lang-main\Comet-lang-main\src\win\parser\scanner.c(86,33): error C2059: syntax error: ')'
C:\Users\casun\Downloads\Comet-lang-main\Comet-lang-main\src\win\parser\scanner.c(88,3): error C2371: 'add_token': redefinition; different basic types
C:\Users\casun\Downloads\Comet-lang-main\Comet-lang-main\src\win\parser\scanner.c(45,6): message : see declaration of 'add_token'
C:\Users\casun\Downloads\Comet-lang-main\Comet-lang-main\src\win\parser\scanner.c(89,1): error C2059: syntax error: '}'
C:\Users\casun\Downloads\Comet-lang-main\Comet-lang-main\src\win\parser\scanner.c(235,52): warning C4133: 'function': incompatible types - from 'Scanner *' to 'Comet *'
C:\Users\casun\Downloads\Comet-lang-main\Comet-lang-main\src\win\parser\scanner.c(246,17): warning C4047: 'function': 'Hashmap *' differs in levels of indirection from 'Hashmap **'
C:\Users\casun\Downloads\Comet-lang-main\Comet-lang-main\src\win\parser\scanner.c(246,17): warning C4024: 'init_keywords': different types for formal and actual parameter 1
C:\Users\casun\Downloads\Comet-lang-main\Comet-lang-main\src\win\parser\scanner.c(253,29): warning C4047: 'function': 'char' differs in levels of indirection from 'void *'
C:\Users\casun\Downloads\Comet-lang-main\Comet-lang-main\src\win\parser\scanner.c(253,29): warning C4024: 'add_token_to_vector': different types for formal and actual parameter 2
  vector.c
  string_util.c
  hashmap.c
  Generating Code...
C:\Users\casun\Downloads\Comet-lang-main\Comet-lang-main\src\win\util\string_util.c(14): warning C4172: returning address of local variable or temporary: substring
